#
# A fatal error has been detected by the Java Runtime Environment:
#
#  EXCEPTION_ACCESS_VIOLATION (0xc0000005) at pc=0x00007ffb5a76bc8a, pid=110840, tid=114212
#
# JRE version: OpenJDK Runtime Environment Temurin-17.0.1+12 (17.0.1+12) (build 17.0.1+12)
# Java VM: OpenJDK 64-Bit Server VM Temurin-17.0.1+12 (17.0.1+12, mixed mode, emulated-client, tiered, compressed oops, compressed class ptrs, g1 gc, windows-amd64)
# Problematic frame:
# V  [jvm.dll+0x79bc8a]
#
# No core dump will be written. Minidumps are not enabled by default on client versions of Windows
#
# If you would like to submit a bug report, please visit:
#   https://github.com/adoptium/adoptium-support/issues
#

---------------  S U M M A R Y ------------

Command Line: -XX:+ShowCodeDetailsInExceptionMessages -agentlib:jdwp=transport=dt_socket,suspend=y,address=localhost:57668 -Dcom.sun.management.jmxremote -Dcom.sun.management.jmxremote.port=57662 -Dcom.sun.management.jmxremote.authenticate=false -Dcom.sun.management.jmxremote.ssl=false -Djava.rmi.server.hostname=localhost -Dspring.jmx.enabled=true -Dspring.application.admin.enabled=true -XX:TieredStopAtLevel=1 -Dspring.boot.project.name=lab -javaagent:C:\sts-4.13.1.RELEASE\configuration\org.eclipse.osgi\262\0\.cp\lib\javaagent-shaded.jar -Dfile.encoding=UTF-8 br.com.lab.LabApplication --spring.output.ansi.enabled=always

Host: Intel(R) Core(TM) i5-1035G1 CPU @ 1.00GHz, 8 cores, 7G,  Windows 10 , 64 bit Build 22000 (10.0.22000.708)
Time: Sat Oct 29 15:47:12 2022 Hora oficial do Brasil elapsed time: 149.919052 seconds (0d 0h 2m 29s)

---------------  T H R E A D  ---------------

Current thread (0x0000021622a64b40):  JavaThread "JDWP Transport Listener: dt_socket" daemon [_thread_in_vm, id=114212, stack(0x000000b6dce00000,0x000000b6dcf00000)]

Stack: [0x000000b6dce00000,0x000000b6dcf00000],  sp=0x000000b6dceff610,  free space=1021k
Native frames: (J=compiled Java code, j=interpreted, Vv=VM code, C=native code)
V  [jvm.dll+0x79bc8a]
V  [jvm.dll+0x507e6c]
V  [jvm.dll+0x4cf4d4]
C  [jdwp.dll+0x22dff]


siginfo: EXCEPTION_ACCESS_VIOLATION (0xc0000005), reading address 0x0000000000560059


Register to memory mapping:

RIP=0x00007ffb5a76bc8a jvm.dll
RAX=0x0000000000000057 is an unknown value
RBX=0x00000216229fd1be points into unknown readable memory: 70 6c
RCX=0x0000000000560055 is an unknown value
RDX=0x000002162490fb40 points into unknown readable memory: 0x2f6d6f632f72624c | 4c 62 72 2f 63 6f 6d 2f
RSP=0x000000b6dceff610 is pointing into the stack for thread: 0x0000021622a64b40
RBP=0x0000021622a4b5d0 points into unknown readable memory: 0x0000000200000002 | 02 00 00 00 02 00 00 00
RSI=0x0 is NULL
RDI=0xffffffffffffffff is an unknown value
R8 =0x00000000000001e1 is an unknown value
R9 =0x0000000000000040 is an unknown value
R10=0x00000000000001c0 is an unknown value
R11=0x000000b6dceff630 is pointing into the stack for thread: 0x0000021622a64b40
R12=0x000000b6dceff768 is pointing into the stack for thread: 0x0000021622a64b40
R13=0x0 is NULL
R14=0x000000010075a6e8 is a pointer to class: 
br.com.lab.dao.UsuarioDAO$2 {0x000000010075a6f0}
 - instance size:     2
 - klass size:        70
 - access:            synchronized 
 - state:             fully_initialized
 - name:              'br/com/lab/dao/UsuarioDAO$2'
 - super:             'java/lang/Object'
 - sub:               
 - arrays:            NULL
 - methods:           Array<T>(0x0000021629d21060)
 - method ordering:   Array<T>(0x0000021629d212f8)
 - default_methods:   Array<T>(0x0000000000000000)
 - local interfaces:  Array<T>(0x000002162838fa78)
 - trans. interfaces: Array<T>(0x000002162838fa78)
 - constants:         constant pool [93] {0x0000021629d219e8} for 'br/com/lab/dao/UsuarioDAO$2' cache=0x0000021629d21d60
 - class loader data:  loader data: 0x00000216229baeb0 for instance a 'jdk/internal/loader/ClassLoaders$AppClassLoader'{0x000000008369d600}
 - source file:       'UsuarioDAO.java'
 - source debug extension:       SMAP
UsuarioDAO.java
Java
*S jdt
*F
1 UsuarioDAO.java
2 file:/D:/web-back/lab/target/classes/
*L
*E

 - class annotations:       Array<T>(0x0000000000000000)
 - class type annotations:  Array<T>(0x0000000000000000)
 - field annotations:       Array<T>(0x0000000000000000)
 - field type annotations:  Array<T>(0x0000000000000000)
 - generic signature: '
[error occurred during error reporting (printing register info), id 0xc0000005, EXCEPTION_ACCESS_VIOLATION (0xc0000005) at pc=0x00007ffb5a76c896]

Registers:
RAX=0x0000000000000057, RBX=0x00000216229fd1be, RCX=0x0000000000560055, RDX=0x000002162490fb40
RSP=0x000000b6dceff610, RBP=0x0000021622a4b5d0, RSI=0x0000000000000000, RDI=0xffffffffffffffff
R8 =0x00000000000001e1, R9 =0x0000000000000040, R10=0x00000000000001c0, R11=0x000000b6dceff630
R12=0x000000b6dceff768, R13=0x0000000000000000, R14=0x000000010075a6e8, R15=0x000000b6dceff790
RIP=0x00007ffb5a76bc8a, EFLAGS=0x0000000000010202

Top of Stack: (sp=0x000000b6dceff610)
0x000000b6dceff610:   000000000000001b 000000010075a6e8
0x000000b6dceff620:   0000021623613e00 00007ffbad4276e1
0x000000b6dceff630:   ffffffffffffffff 00007ffb5a4d7e6c
0x000000b6dceff640:   00000216229fd1be 00000216229fd1a0
0x000000b6dceff650:   0000021622a4b5d0 00007ffb5a4da98d
0x000000b6dceff660:   00000216229fd170 00000000000003d8
0x000000b6dceff670:   00000216229fd180 00000216229fd558
0x000000b6dceff680:   0000000000015c01 000000b6dceff768
0x000000b6dceff690:   0000000000000007 0000021622a64de8
0x000000b6dceff6a0:   0000000084913dc8 00007ffb5a49f4d4
0x000000b6dceff6b0:   0000021622a64b40 000000b6dceff790
0x000000b6dceff6c0:   0000021613fccfa0 000000b6dceff790
0x000000b6dceff6d0:   0000021622a64b40 0000000000000000
0x000000b6dceff6e0:   0000000000000000 0000000000000000
0x000000b6dceff6f0:   000002162722f258 00007ffba7932dff
0x000000b6dceff700:   000000b6dceff788 00007ffba7941aa0 

Instructions: (pc=0x00007ffb5a76bc8a)
0x00007ffb5a76bb8a:   48 83 c4 20 5f e9 3c a2 90 ff cc cc cc cc cc cc
0x00007ffb5a76bb9a:   cc cc cc cc cc cc 48 89 5c 24 08 57 48 83 ec 20
0x00007ffb5a76bbaa:   83 fa 02 8d 42 06 b9 08 00 00 00 49 8b d8 0f 4e
0x00007ffb5a76bbba:   c1 48 63 c8 48 83 c1 07 83 e1 f8 48 63 f9 49 8b
0x00007ffb5a76bbca:   48 18 48 8b c7 48 f7 d0 48 3b c1 73 16 4c 8d 05
0x00007ffb5a76bbda:   5a 55 17 00 48 8b d7 48 8b cb e8 47 05 91 ff 48
0x00007ffb5a76bbea:   8b 4b 18 48 8d 04 39 48 3b 43 20 76 18 45 33 c0
0x00007ffb5a76bbfa:   48 8b d7 48 8b cb 48 8b 5c 24 30 48 83 c4 20 5f
0x00007ffb5a76bc0a:   e9 a1 01 91 ff 48 89 43 18 48 8b c1 48 8b 5c 24
0x00007ffb5a76bc1a:   30 48 83 c4 20 5f c3 cc cc cc cc cc cc cc cc cc
0x00007ffb5a76bc2a:   cc cc cc cc cc cc 4c 8b d2 4c 8b d9 45 85 c0 7e
0x00007ffb5a76bc3a:   3c 44 0f b7 49 04 41 8d 40 ff 41 3b c1 44 0f 4c
0x00007ffb5a76bc4a:   c8 4d 63 c1 45 85 c9 7e 1f 48 8b c2 4c 2b da 49
0x00007ffb5a76bc5a:   8b d0 0f 1f 40 00 41 0f b6 4c 03 06 88 08 48 8d
0x00007ffb5a76bc6a:   40 01 48 83 ea 01 75 ee 43 c6 04 10 00 49 8b c2
0x00007ffb5a76bc7a:   c3 cc cc cc cc cc 48 89 5c 24 08 57 48 83 ec 20
0x00007ffb5a76bc8a:   0f b7 59 04 48 8b f9 33 d2 48 8d 4b 01 e8 24 e8
0x00007ffb5a76bc9a:   f2 ff 0f b7 57 04 4c 8b c0 3b da 0f 42 d3 44 8b
0x00007ffb5a76bcaa:   ca 85 d2 74 39 48 2b f8 0f 1f 40 00 66 66 0f 1f
0x00007ffb5a76bcba:   84 00 00 00 00 00 0f b6 4c 07 06 88 08 48 ff c0
0x00007ffb5a76bcca:   48 8b c8 49 2b c8 49 3b c9 7c eb 42 c6 04 02 00
0x00007ffb5a76bcda:   49 8b c0 48 8b 5c 24 30 48 83 c4 20 5f c3 48 8b
0x00007ffb5a76bcea:   5c 24 30 c6 04 02 00 48 83 c4 20 5f c3 cc cc cc
0x00007ffb5a76bcfa:   cc cc cc cc cc cc 4c 8b d1 45 85 c0 7e 6c 44 0f
0x00007ffb5a76bd0a:   b7 49 04 41 8d 40 ff 41 3b c1 44 0f 4c c8 4d 63
0x00007ffb5a76bd1a:   d9 45 85 c9 7e 22 48 8b ca 4c 2b d2 4d 8b c3 0f
0x00007ffb5a76bd2a:   1f 80 00 00 00 00 41 0f b6 44 0a 06 88 01 48 8d
0x00007ffb5a76bd3a:   49 01 49 83 e8 01 75 ee 41 c6 04 13 00 48 c7 c0
0x00007ffb5a76bd4a:   ff ff ff ff 66 90 48 ff c0 80 3c 02 00 75 f7 48
0x00007ffb5a76bd5a:   63 c8 85 c0 48 8b c2 7e 14 80 38 2f 75 03 c6 00
0x00007ffb5a76bd6a:   2e 48 ff c0 48 83 e9 01 75 ef 48 8b c2 c3 cc cc
0x00007ffb5a76bd7a:   cc cc cc cc cc cc 48 83 ec 28 e8 f7 fe ff ff 4c 


Stack slot to memory mapping:
stack at sp + 0 slots: 0x000000000000001b is an unknown value
stack at sp + 1 slots: 0x000000010075a6e8 is a pointer to class: 
br.com.lab.dao.UsuarioDAO$2 {0x000000010075a6f0}
 - instance size:     2
 - klass size:        70
 - access:            synchronized 
 - state:             fully_initialized
 - name:              'br/com/lab/dao/UsuarioDAO$2'
 - super:             'java/lang/Object'
 - sub:               
 - arrays:            NULL
 - methods:           Array<T>(0x0000021629d21060)
 - method ordering:   Array<T>(0x0000021629d212f8)
 - default_methods:   Array<T>(0x0000000000000000)
 - local interfaces:  Array<T>(0x000002162838fa78)
 - trans. interfaces: Array<T>(0x000002162838fa78)
 - constants:         constant pool [93] {0x0000021629d219e8} for 'br/com/lab/dao/UsuarioDAO$2' cache=0x0000021629d21d60
 - class loader data:  loader data: 0x00000216229baeb0 for instance a 'jdk/internal/loader/ClassLoaders$AppClassLoader'{0x000000008369d600}
 - source file:       'UsuarioDAO.java'
 - source debug extension:       SMAP
UsuarioDAO.java
Java
*S jdt
*F
1 UsuarioDAO.java
2 file:/D:/web-back/lab/target/classes/
*L
*E

 - class annotations:       Array<T>(0x0000000000000000)
 - class type annotations:  Array<T>(0x0000000000000000)
 - field annotations:       Array<T>(0x0000000000000000)
 - field type annotations:  Array<T>(0x0000000000000000)
 - generic signature: '
[error occurred during error reporting (inspecting top of stack), id 0xc0000005, EXCEPTION_ACCESS_VIOLATION (0xc0000005) at pc=0x00007ffb5a76c896]


---------------  P R O C E S S  ---------------

Threads class SMR info:
_java_thread_list=0x000002162421f290, length=36, elements={
0x0000021621cc0560, 0x0000021621cc1390, 0x00000216228392b0, 0x0000021622839b70,
0x000002162283a520, 0x000002162283aed0, 0x000002162283b880, 0x0000021622847780,
0x00000216229b5280, 0x0000021622a64b40, 0x0000021622a66dd0, 0x0000021622a694c0,
0x0000021623451b70, 0x0000021622a643d0, 0x0000021623600320, 0x000002162401d100,
0x000002162401f5f0, 0x0000021622bf7cb0, 0x00000216243ed7c0, 0x000002162679ec00,
0x000002162679fa70, 0x000002162679c0b0, 0x000002162679cf20, 0x000002162679c580,
0x000002162679ca50, 0x000002162679dd90, 0x000002162679e730, 0x000002162679e260,
0x000002162679f0d0, 0x00000216241a6af0, 0x00000216241a87d0, 0x00000216241a6fc0,
0x00000216241a7e30, 0x00000216241a6150, 0x00000216241abcc0, 0x00000216241a6620
}

Java Threads: ( => current thread )
  0x0000021621cc0560 JavaThread "Reference Handler" daemon [_thread_blocked, id=114744, stack(0x000000b6dc200000,0x000000b6dc300000)]
  0x0000021621cc1390 JavaThread "Finalizer" daemon [_thread_blocked, id=114708, stack(0x000000b6dc300000,0x000000b6dc400000)]
  0x00000216228392b0 JavaThread "Signal Dispatcher" daemon [_thread_blocked, id=110904, stack(0x000000b6dc400000,0x000000b6dc500000)]
  0x0000021622839b70 JavaThread "Attach Listener" daemon [_thread_blocked, id=112376, stack(0x000000b6dc500000,0x000000b6dc600000)]
  0x000002162283a520 JavaThread "Service Thread" daemon [_thread_blocked, id=29548, stack(0x000000b6dc600000,0x000000b6dc700000)]
  0x000002162283aed0 JavaThread "Monitor Deflation Thread" daemon [_thread_blocked, id=76728, stack(0x000000b6dc700000,0x000000b6dc800000)]
  0x000002162283b880 JavaThread "C1 CompilerThread0" daemon [_thread_blocked, id=85832, stack(0x000000b6dc800000,0x000000b6dc900000)]
  0x0000021622847780 JavaThread "Sweeper thread" daemon [_thread_blocked, id=107936, stack(0x000000b6dc900000,0x000000b6dca00000)]
  0x00000216229b5280 JavaThread "Common-Cleaner" daemon [_thread_blocked, id=114536, stack(0x000000b6dca00000,0x000000b6dcb00000)]
=>0x0000021622a64b40 JavaThread "JDWP Transport Listener: dt_socket" daemon [_thread_in_vm, id=114212, stack(0x000000b6dce00000,0x000000b6dcf00000)]
  0x0000021622a66dd0 JavaThread "JDWP Event Helper Thread" daemon [_thread_blocked, id=104292, stack(0x000000b6dcf00000,0x000000b6dd000000)]
  0x0000021622a694c0 JavaThread "JDWP Command Reader" daemon [_thread_in_native, id=107988, stack(0x000000b6dd000000,0x000000b6dd100000)]
  0x0000021623451b70 JavaThread "Notification Thread" daemon [_thread_blocked, id=114960, stack(0x000000b6dd100000,0x000000b6dd200000)]
  0x0000021622a643d0 JavaThread "RMI TCP Accept-0" daemon [_thread_in_native, id=112780, stack(0x000000b6dd200000,0x000000b6dd300000)]
  0x0000021623600320 JavaThread "RMI TCP Accept-57662" daemon [_thread_in_native, id=70864, stack(0x000000b6dd300000,0x000000b6dd400000)]
  0x000002162401d100 JavaThread "RMI TCP Accept-0" daemon [_thread_in_native, id=113684, stack(0x000000b6dd500000,0x000000b6dd600000)]
  0x000002162401f5f0 JavaThread "RMI Scheduler(0)" daemon [_thread_blocked, id=115704, stack(0x000000b6dd700000,0x000000b6dd800000)]
  0x0000021622bf7cb0 JavaThread "JMX server connection timeout 25" daemon [_thread_blocked, id=104592, stack(0x000000b6de100000,0x000000b6de200000)]
  0x00000216243ed7c0 JavaThread "RMI TCP Connection(idle)" daemon [_thread_blocked, id=105844, stack(0x000000b6de200000,0x000000b6de300000)]
  0x000002162679ec00 JavaThread "Catalina-utility-1" [_thread_blocked, id=84532, stack(0x000000b6de400000,0x000000b6de500000)]
  0x000002162679fa70 JavaThread "Catalina-utility-2" [_thread_blocked, id=93084, stack(0x000000b6de500000,0x000000b6de600000)]
  0x000002162679c0b0 JavaThread "container-0" [_thread_blocked, id=110364, stack(0x000000b6de600000,0x000000b6de700000)]
  0x000002162679cf20 JavaThread "HikariPool-1 housekeeper" daemon [_thread_blocked, id=114432, stack(0x000000b6de800000,0x000000b6de900000)]
  0x000002162679c580 JavaThread "http-nio-8080-exec-1" daemon [_thread_blocked, id=115460, stack(0x000000b6dea00000,0x000000b6deb00000)]
  0x000002162679ca50 JavaThread "http-nio-8080-exec-2" daemon [_thread_blocked, id=105140, stack(0x000000b6deb00000,0x000000b6dec00000)]
  0x000002162679dd90 JavaThread "http-nio-8080-exec-3" daemon [_thread_blocked, id=103632, stack(0x000000b6dec00000,0x000000b6ded00000)]
  0x000002162679e730 JavaThread "http-nio-8080-exec-4" daemon [_thread_blocked, id=101624, stack(0x000000b6ded00000,0x000000b6dee00000)]
  0x000002162679e260 JavaThread "http-nio-8080-exec-5" daemon [_thread_blocked, id=112788, stack(0x000000b6dee00000,0x000000b6def00000)]
  0x000002162679f0d0 JavaThread "http-nio-8080-exec-6" daemon [_thread_blocked, id=114112, stack(0x000000b6def00000,0x000000b6df000000)]
  0x00000216241a6af0 JavaThread "http-nio-8080-exec-7" daemon [_thread_blocked, id=113660, stack(0x000000b6df000000,0x000000b6df100000)]
  0x00000216241a87d0 JavaThread "http-nio-8080-exec-8" daemon [_thread_blocked, id=48156, stack(0x000000b6df100000,0x000000b6df200000)]
  0x00000216241a6fc0 JavaThread "http-nio-8080-exec-9" daemon [_thread_blocked, id=12668, stack(0x000000b6df200000,0x000000b6df300000)]
  0x00000216241a7e30 JavaThread "http-nio-8080-exec-10" daemon [_thread_blocked, id=115436, stack(0x000000b6df300000,0x000000b6df400000)]
  0x00000216241a6150 JavaThread "http-nio-8080-Poller" daemon [_thread_in_native, id=114332, stack(0x000000b6df400000,0x000000b6df500000)]
  0x00000216241abcc0 JavaThread "http-nio-8080-Acceptor" daemon [_thread_in_native, id=112280, stack(0x000000b6df500000,0x000000b6df600000)]
  0x00000216241a6620 JavaThread "DestroyJavaVM" [_thread_blocked, id=112820, stack(0x000000b6dbb00000,0x000000b6dbc00000)]

Other Threads:
  0x0000021621cbae10 VMThread "VM Thread" [stack: 0x000000b6dc100000,0x000000b6dc200000] [id=86672]
  0x0000021614071aa0 WatcherThread [stack: 0x000000b6dd600000,0x000000b6dd700000] [id=109336]
  0x0000021614016c10 GCTaskThread "GC Thread#0" [stack: 0x000000b6dbc00000,0x000000b6dbd00000] [id=13932]
  0x00000216236a4840 GCTaskThread "GC Thread#1" [stack: 0x000000b6dd900000,0x000000b6dda00000] [id=98732]
  0x00000216236a4af0 GCTaskThread "GC Thread#2" [stack: 0x000000b6dda00000,0x000000b6ddb00000] [id=114444]
  0x00000216236c0620 GCTaskThread "GC Thread#3" [stack: 0x000000b6ddb00000,0x000000b6ddc00000] [id=100460]
  0x00000216236c18e0 GCTaskThread "GC Thread#4" [stack: 0x000000b6ddc00000,0x000000b6ddd00000] [id=105048]
  0x00000216236c1b90 GCTaskThread "GC Thread#5" [stack: 0x000000b6ddd00000,0x000000b6dde00000] [id=106120]
  0x00000216236c1e40 GCTaskThread "GC Thread#6" [stack: 0x000000b6dde00000,0x000000b6ddf00000] [id=114700]
  0x00000216236c20f0 GCTaskThread "GC Thread#7" [stack: 0x000000b6ddf00000,0x000000b6de000000] [id=110144]
  0x0000021614027d20 ConcurrentGCThread "G1 Main Marker" [stack: 0x000000b6dbd00000,0x000000b6dbe00000] [id=97844]
  0x0000021614028730 ConcurrentGCThread "G1 Conc#0" [stack: 0x000000b6dbe00000,0x000000b6dbf00000] [id=112272]
  0x000002162451d4c0 ConcurrentGCThread "G1 Conc#1" [stack: 0x000000b6de300000,0x000000b6de400000] [id=111320]
  0x0000021621b2b110 ConcurrentGCThread "G1 Refine#0" [stack: 0x000000b6dbf00000,0x000000b6dc000000] [id=115536]
  0x0000021622bf71b0 ConcurrentGCThread "G1 Refine#1" [stack: 0x000000b6de000000,0x000000b6de100000] [id=114228]
  0x0000021621b2bb30 ConcurrentGCThread "G1 Service" [stack: 0x000000b6dc000000,0x000000b6dc100000] [id=85848]

Threads with active compile tasks:

VM state: not at safepoint (normal execution)

VM Mutex/Monitor currently owned by a thread: None

Heap address: 0x0000000083200000, size: 1998 MB, Compressed Oops mode: 32-bit

CDS archive(s) not mapped
Compressed class space mapped at: 0x0000000100000000-0x0000000140000000, reserved size: 1073741824
Narrow klass base: 0x0000000000000000, Narrow klass shift: 3, Narrow klass range: 0x140000000

GC Precious Log:
 CPUs: 8 total, 8 available
 Memory: 7987M
 Large Page Support: Disabled
 NUMA Support: Disabled
 Compressed Oops: Enabled (32-bit)
 Heap Region Size: 1M
 Heap Min Capacity: 8M
 Heap Initial Capacity: 126M
 Heap Max Capacity: 1998M
 Pre-touch: Disabled
 Parallel Workers: 8
 Concurrent Workers: 2
 Concurrent Refinement Workers: 8
 Periodic GC: Disabled

Heap:
 garbage-first heap   total 116736K, used 63703K [0x0000000083200000, 0x0000000100000000)
  region size 1024K, 39 young (39936K), 7 survivors (7168K)
 Metaspace       used 66531K, committed 67008K, reserved 1114112K
  class space    used 8797K, committed 9024K, reserved 1048576K

Heap Regions: E=young(eden), S=young(survivor), O=old, HS=humongous(starts), HC=humongous(continues), CS=collection set, F=free, OA=open archive, CA=closed archive, TAMS=top-at-mark-start (previous, next)
|   0|0x0000000083200000, 0x0000000083300000, 0x0000000083300000|100%|HS|  |TAMS 0x0000000083300000, 0x0000000083200000| Complete 
|   1|0x0000000083300000, 0x0000000083400000, 0x0000000083400000|100%| O|  |TAMS 0x0000000083400000, 0x0000000083300000| Untracked 
|   2|0x0000000083400000, 0x0000000083500000, 0x0000000083500000|100%| O|  |TAMS 0x0000000083500000, 0x0000000083400000| Untracked 
|   3|0x0000000083500000, 0x0000000083600000, 0x0000000083600000|100%| O|  |TAMS 0x0000000083600000, 0x0000000083500000| Untracked 
|   4|0x0000000083600000, 0x0000000083700000, 0x0000000083700000|100%| O|  |TAMS 0x0000000083700000, 0x0000000083600000| Untracked 
|   5|0x0000000083700000, 0x0000000083800000, 0x0000000083800000|100%| O|  |TAMS 0x0000000083800000, 0x0000000083700000| Untracked 
|   6|0x0000000083800000, 0x0000000083900000, 0x0000000083900000|100%| O|  |TAMS 0x0000000083900000, 0x0000000083800000| Untracked 
|   7|0x0000000083900000, 0x0000000083a00000, 0x0000000083a00000|100%| O|  |TAMS 0x0000000083a00000, 0x0000000083900000| Untracked 
|   8|0x0000000083a00000, 0x0000000083b00000, 0x0000000083b00000|100%| O|  |TAMS 0x0000000083b00000, 0x0000000083a00000| Untracked 
|   9|0x0000000083b00000, 0x0000000083c00000, 0x0000000083c00000|100%| O|  |TAMS 0x0000000083c00000, 0x0000000083b00000| Untracked 
|  10|0x0000000083c00000, 0x0000000083d00000, 0x0000000083d00000|100%| O|  |TAMS 0x0000000083d00000, 0x0000000083c00000| Untracked 
|  11|0x0000000083d00000, 0x0000000083e00000, 0x0000000083e00000|100%| O|  |TAMS 0x0000000083e00000, 0x0000000083d00000| Untracked 
|  12|0x0000000083e00000, 0x0000000083f00000, 0x0000000083f00000|100%| O|  |TAMS 0x0000000083f00000, 0x0000000083e00000| Untracked 
|  13|0x0000000083f00000, 0x0000000084000000, 0x0000000084000000|100%| O|  |TAMS 0x0000000084000000, 0x0000000083f00000| Untracked 
|  14|0x0000000084000000, 0x0000000084100000, 0x0000000084100000|100%| O|  |TAMS 0x0000000084100000, 0x0000000084000000| Untracked 
|  15|0x0000000084100000, 0x0000000084200000, 0x0000000084200000|100%| O|  |TAMS 0x0000000084200000, 0x0000000084100000| Untracked 
|  16|0x0000000084200000, 0x0000000084300000, 0x0000000084300000|100%| O|  |TAMS 0x0000000084300000, 0x0000000084200000| Untracked 
|  17|0x0000000084300000, 0x0000000084400000, 0x0000000084400000|100%| O|  |TAMS 0x0000000084400000, 0x0000000084300000| Untracked 
|  18|0x0000000084400000, 0x0000000084500000, 0x0000000084500000|100%| O|  |TAMS 0x0000000084478c00, 0x0000000084400000| Untracked 
|  19|0x0000000084500000, 0x0000000084600000, 0x0000000084600000|100%| O|  |TAMS 0x0000000084500000, 0x0000000084500000| Untracked 
|  20|0x0000000084600000, 0x0000000084700000, 0x0000000084700000|100%| O|  |TAMS 0x0000000084600000, 0x0000000084600000| Untracked 
|  21|0x0000000084700000, 0x0000000084800000, 0x0000000084800000|100%| O|  |TAMS 0x0000000084700000, 0x0000000084700000| Untracked 
|  22|0x0000000084800000, 0x0000000084875200, 0x0000000084900000| 45%| O|  |TAMS 0x0000000084800000, 0x0000000084800000| Untracked 
|  23|0x0000000084900000, 0x0000000084a00000, 0x0000000084a00000|100%| O|  |TAMS 0x0000000084900000, 0x0000000084900000| Untracked 
|  24|0x0000000084a00000, 0x0000000084b00000, 0x0000000084b00000|100%| O|  |TAMS 0x0000000084a00000, 0x0000000084a00000| Untracked 
|  25|0x0000000084b00000, 0x0000000084bfe200, 0x0000000084c00000| 99%| O|  |TAMS 0x0000000084b00000, 0x0000000084b00000| Untracked 
|  26|0x0000000084c00000, 0x0000000084c00000, 0x0000000084d00000|  0%| F|  |TAMS 0x0000000084c00000, 0x0000000084c00000| Untracked 
|  27|0x0000000084d00000, 0x0000000084d00000, 0x0000000084e00000|  0%| F|  |TAMS 0x0000000084d00000, 0x0000000084d00000| Untracked 
|  28|0x0000000084e00000, 0x0000000084e00000, 0x0000000084f00000|  0%| F|  |TAMS 0x0000000084e00000, 0x0000000084e00000| Untracked 
|  29|0x0000000084f00000, 0x0000000084f00000, 0x0000000085000000|  0%| F|  |TAMS 0x0000000084f00000, 0x0000000084f00000| Untracked 
|  30|0x0000000085000000, 0x0000000085000000, 0x0000000085100000|  0%| F|  |TAMS 0x0000000085000000, 0x0000000085000000| Untracked 
|  31|0x0000000085100000, 0x0000000085100000, 0x0000000085200000|  0%| F|  |TAMS 0x0000000085100000, 0x0000000085100000| Untracked 
|  32|0x0000000085200000, 0x0000000085200000, 0x0000000085300000|  0%| F|  |TAMS 0x0000000085200000, 0x0000000085200000| Untracked 
|  33|0x0000000085300000, 0x0000000085300000, 0x0000000085400000|  0%| F|  |TAMS 0x0000000085300000, 0x0000000085300000| Untracked 
|  34|0x0000000085400000, 0x0000000085400000, 0x0000000085500000|  0%| F|  |TAMS 0x0000000085400000, 0x0000000085400000| Untracked 
|  35|0x0000000085500000, 0x0000000085500000, 0x0000000085600000|  0%| F|  |TAMS 0x0000000085500000, 0x0000000085500000| Untracked 
|  36|0x0000000085600000, 0x0000000085600000, 0x0000000085700000|  0%| F|  |TAMS 0x0000000085600000, 0x0000000085600000| Untracked 
|  37|0x0000000085700000, 0x0000000085700000, 0x0000000085800000|  0%| F|  |TAMS 0x0000000085700000, 0x0000000085700000| Untracked 
|  38|0x0000000085800000, 0x0000000085800000, 0x0000000085900000|  0%| F|  |TAMS 0x0000000085800000, 0x0000000085800000| Untracked 
|  39|0x0000000085900000, 0x00000000859c2b20, 0x0000000085a00000| 76%| S|CS|TAMS 0x0000000085900000, 0x0000000085900000| Complete 
|  40|0x0000000085a00000, 0x0000000085b00000, 0x0000000085b00000|100%| S|CS|TAMS 0x0000000085a00000, 0x0000000085a00000| Complete 
|  41|0x0000000085b00000, 0x0000000085c00000, 0x0000000085c00000|100%| S|CS|TAMS 0x0000000085b00000, 0x0000000085b00000| Complete 
|  42|0x0000000085c00000, 0x0000000085d00000, 0x0000000085d00000|100%| S|CS|TAMS 0x0000000085c00000, 0x0000000085c00000| Complete 
|  43|0x0000000085d00000, 0x0000000085e00000, 0x0000000085e00000|100%| S|CS|TAMS 0x0000000085d00000, 0x0000000085d00000| Complete 
|  44|0x0000000085e00000, 0x0000000085f00000, 0x0000000085f00000|100%| S|CS|TAMS 0x0000000085e00000, 0x0000000085e00000| Complete 
|  45|0x0000000085f00000, 0x0000000086000000, 0x0000000086000000|100%| S|CS|TAMS 0x0000000085f00000, 0x0000000085f00000| Complete 
|  46|0x0000000086000000, 0x0000000086000000, 0x0000000086100000|  0%| F|  |TAMS 0x0000000086000000, 0x0000000086000000| Untracked 
|  47|0x0000000086100000, 0x0000000086100000, 0x0000000086200000|  0%| F|  |TAMS 0x0000000086100000, 0x0000000086100000| Untracked 
|  48|0x0000000086200000, 0x0000000086200000, 0x0000000086300000|  0%| F|  |TAMS 0x0000000086200000, 0x0000000086200000| Untracked 
|  49|0x0000000086300000, 0x0000000086300000, 0x0000000086400000|  0%| F|  |TAMS 0x0000000086300000, 0x0000000086300000| Untracked 
|  50|0x0000000086400000, 0x0000000086400000, 0x0000000086500000|  0%| F|  |TAMS 0x0000000086400000, 0x0000000086400000| Untracked 
|  51|0x0000000086500000, 0x0000000086500000, 0x0000000086600000|  0%| F|  |TAMS 0x0000000086500000, 0x0000000086500000| Untracked 
|  52|0x0000000086600000, 0x0000000086600000, 0x0000000086700000|  0%| F|  |TAMS 0x0000000086600000, 0x0000000086600000| Untracked 
|  53|0x0000000086700000, 0x0000000086700000, 0x0000000086800000|  0%| F|  |TAMS 0x0000000086700000, 0x0000000086700000| Untracked 
|  54|0x0000000086800000, 0x0000000086800000, 0x0000000086900000|  0%| F|  |TAMS 0x0000000086800000, 0x0000000086800000| Untracked 
|  55|0x0000000086900000, 0x0000000086900000, 0x0000000086a00000|  0%| F|  |TAMS 0x0000000086900000, 0x0000000086900000| Untracked 
|  56|0x0000000086a00000, 0x0000000086a00000, 0x0000000086b00000|  0%| F|  |TAMS 0x0000000086a00000, 0x0000000086a00000| Untracked 
|  57|0x0000000086b00000, 0x0000000086b00000, 0x0000000086c00000|  0%| F|  |TAMS 0x0000000086b00000, 0x0000000086b00000| Untracked 
|  58|0x0000000086c00000, 0x0000000086c00000, 0x0000000086d00000|  0%| F|  |TAMS 0x0000000086c00000, 0x0000000086c00000| Untracked 
|  59|0x0000000086d00000, 0x0000000086d00000, 0x0000000086e00000|  0%| F|  |TAMS 0x0000000086d00000, 0x0000000086d00000| Untracked 
|  60|0x0000000086e00000, 0x0000000086e00000, 0x0000000086f00000|  0%| F|  |TAMS 0x0000000086e00000, 0x0000000086e00000| Untracked 
|  61|0x0000000086f00000, 0x0000000086f00000, 0x0000000087000000|  0%| F|  |TAMS 0x0000000086f00000, 0x0000000086f00000| Untracked 
|  62|0x0000000087000000, 0x0000000087000000, 0x0000000087100000|  0%| F|  |TAMS 0x0000000087000000, 0x0000000087000000| Untracked 
|  63|0x0000000087100000, 0x0000000087100000, 0x0000000087200000|  0%| F|  |TAMS 0x0000000087100000, 0x0000000087100000| Untracked 
|  64|0x0000000087200000, 0x0000000087200000, 0x0000000087300000|  0%| F|  |TAMS 0x0000000087200000, 0x0000000087200000| Untracked 
|  65|0x0000000087300000, 0x0000000087300000, 0x0000000087400000|  0%| F|  |TAMS 0x0000000087300000, 0x0000000087300000| Untracked 
|  66|0x0000000087400000, 0x0000000087400000, 0x0000000087500000|  0%| F|  |TAMS 0x0000000087400000, 0x0000000087400000| Untracked 
|  67|0x0000000087500000, 0x0000000087500000, 0x0000000087600000|  0%| F|  |TAMS 0x0000000087500000, 0x0000000087500000| Untracked 
|  68|0x0000000087600000, 0x0000000087600000, 0x0000000087700000|  0%| F|  |TAMS 0x0000000087600000, 0x0000000087600000| Untracked 
|  69|0x0000000087700000, 0x0000000087700000, 0x0000000087800000|  0%| F|  |TAMS 0x0000000087700000, 0x0000000087700000| Untracked 
|  70|0x0000000087800000, 0x0000000087800000, 0x0000000087900000|  0%| F|  |TAMS 0x0000000087800000, 0x0000000087800000| Untracked 
|  71|0x0000000087900000, 0x0000000087900000, 0x0000000087a00000|  0%| F|  |TAMS 0x0000000087900000, 0x0000000087900000| Untracked 
|  72|0x0000000087a00000, 0x0000000087a00000, 0x0000000087b00000|  0%| F|  |TAMS 0x0000000087a00000, 0x0000000087a00000| Untracked 
|  73|0x0000000087b00000, 0x0000000087b00000, 0x0000000087c00000|  0%| F|  |TAMS 0x0000000087b00000, 0x0000000087b00000| Untracked 
|  74|0x0000000087c00000, 0x0000000087c00000, 0x0000000087d00000|  0%| F|  |TAMS 0x0000000087c00000, 0x0000000087c00000| Untracked 
|  75|0x0000000087d00000, 0x0000000087d00000, 0x0000000087e00000|  0%| F|  |TAMS 0x0000000087d00000, 0x0000000087d00000| Untracked 
|  76|0x0000000087e00000, 0x0000000087e00000, 0x0000000087f00000|  0%| F|  |TAMS 0x0000000087e00000, 0x0000000087e00000| Untracked 
|  77|0x0000000087f00000, 0x0000000087f00000, 0x0000000088000000|  0%| F|  |TAMS 0x0000000087f00000, 0x0000000087f00000| Untracked 
|  78|0x0000000088000000, 0x0000000088000000, 0x0000000088100000|  0%| F|  |TAMS 0x0000000088000000, 0x0000000088000000| Untracked 
|  79|0x0000000088100000, 0x0000000088100000, 0x0000000088200000|  0%| F|  |TAMS 0x0000000088100000, 0x0000000088100000| Untracked 
|  80|0x0000000088200000, 0x0000000088200000, 0x0000000088300000|  0%| F|  |TAMS 0x0000000088200000, 0x0000000088200000| Untracked 
|  81|0x0000000088300000, 0x0000000088300000, 0x0000000088400000|  0%| F|  |TAMS 0x0000000088300000, 0x0000000088300000| Untracked 
|  82|0x0000000088400000, 0x00000000884a4ea8, 0x0000000088500000| 64%| E|  |TAMS 0x0000000088400000, 0x0000000088400000| Complete 
|  83|0x0000000088500000, 0x0000000088600000, 0x0000000088600000|100%| E|CS|TAMS 0x0000000088500000, 0x0000000088500000| Complete 
|  84|0x0000000088600000, 0x0000000088700000, 0x0000000088700000|100%| E|CS|TAMS 0x0000000088600000, 0x0000000088600000| Complete 
|  85|0x0000000088700000, 0x0000000088800000, 0x0000000088800000|100%| E|CS|TAMS 0x0000000088700000, 0x0000000088700000| Complete 
|  86|0x0000000088800000, 0x0000000088900000, 0x0000000088900000|100%| E|CS|TAMS 0x0000000088800000, 0x0000000088800000| Complete 
|  87|0x0000000088900000, 0x0000000088a00000, 0x0000000088a00000|100%| E|CS|TAMS 0x0000000088900000, 0x0000000088900000| Complete 
|  88|0x0000000088a00000, 0x0000000088b00000, 0x0000000088b00000|100%| E|CS|TAMS 0x0000000088a00000, 0x0000000088a00000| Complete 
|  89|0x0000000088b00000, 0x0000000088c00000, 0x0000000088c00000|100%| E|CS|TAMS 0x0000000088b00000, 0x0000000088b00000| Complete 
|  90|0x0000000088c00000, 0x0000000088d00000, 0x0000000088d00000|100%| E|CS|TAMS 0x0000000088c00000, 0x0000000088c00000| Complete 
|  91|0x0000000088d00000, 0x0000000088e00000, 0x0000000088e00000|100%| E|CS|TAMS 0x0000000088d00000, 0x0000000088d00000| Complete 
|  92|0x0000000088e00000, 0x0000000088f00000, 0x0000000088f00000|100%| E|  |TAMS 0x0000000088e00000, 0x0000000088e00000| Complete 
|  93|0x0000000088f00000, 0x0000000089000000, 0x0000000089000000|100%| E|CS|TAMS 0x0000000088f00000, 0x0000000088f00000| Complete 
|  94|0x0000000089000000, 0x0000000089100000, 0x0000000089100000|100%| E|CS|TAMS 0x0000000089000000, 0x0000000089000000| Complete 
|  95|0x0000000089100000, 0x0000000089200000, 0x0000000089200000|100%| E|CS|TAMS 0x0000000089100000, 0x0000000089100000| Complete 
|  96|0x0000000089200000, 0x0000000089300000, 0x0000000089300000|100%| E|CS|TAMS 0x0000000089200000, 0x0000000089200000| Complete 
|  97|0x0000000089300000, 0x0000000089400000, 0x0000000089400000|100%| E|CS|TAMS 0x0000000089300000, 0x0000000089300000| Complete 
|  98|0x0000000089400000, 0x0000000089500000, 0x0000000089500000|100%| E|CS|TAMS 0x0000000089400000, 0x0000000089400000| Complete 
|  99|0x0000000089500000, 0x0000000089600000, 0x0000000089600000|100%| E|CS|TAMS 0x0000000089500000, 0x0000000089500000| Complete 
| 100|0x0000000089600000, 0x0000000089700000, 0x0000000089700000|100%| E|CS|TAMS 0x0000000089600000, 0x0000000089600000| Complete 
| 101|0x0000000089700000, 0x0000000089800000, 0x0000000089800000|100%| E|CS|TAMS 0x0000000089700000, 0x0000000089700000| Complete 
| 102|0x0000000089800000, 0x0000000089900000, 0x0000000089900000|100%| E|CS|TAMS 0x0000000089800000, 0x0000000089800000| Complete 
| 103|0x0000000089900000, 0x0000000089a00000, 0x0000000089a00000|100%| E|CS|TAMS 0x0000000089900000, 0x0000000089900000| Complete 
| 104|0x0000000089a00000, 0x0000000089b00000, 0x0000000089b00000|100%| E|CS|TAMS 0x0000000089a00000, 0x0000000089a00000| Complete 
| 105|0x0000000089b00000, 0x0000000089c00000, 0x0000000089c00000|100%| E|CS|TAMS 0x0000000089b00000, 0x0000000089b00000| Complete 
| 106|0x0000000089c00000, 0x0000000089d00000, 0x0000000089d00000|100%| E|CS|TAMS 0x0000000089c00000, 0x0000000089c00000| Complete 
| 107|0x0000000089d00000, 0x0000000089e00000, 0x0000000089e00000|100%| E|CS|TAMS 0x0000000089d00000, 0x0000000089d00000| Complete 
| 108|0x0000000089e00000, 0x0000000089f00000, 0x0000000089f00000|100%| E|CS|TAMS 0x0000000089e00000, 0x0000000089e00000| Complete 
| 109|0x0000000089f00000, 0x000000008a000000, 0x000000008a000000|100%| E|CS|TAMS 0x0000000089f00000, 0x0000000089f00000| Complete 
| 110|0x000000008a000000, 0x000000008a100000, 0x000000008a100000|100%| E|CS|TAMS 0x000000008a000000, 0x000000008a000000| Complete 
| 111|0x000000008a100000, 0x000000008a200000, 0x000000008a200000|100%| E|CS|TAMS 0x000000008a100000, 0x000000008a100000| Complete 
| 144|0x000000008c200000, 0x000000008c300000, 0x000000008c300000|100%| E|CS|TAMS 0x000000008c200000, 0x000000008c200000| Complete 
| 145|0x000000008c300000, 0x000000008c400000, 0x000000008c400000|100%| E|CS|TAMS 0x000000008c300000, 0x000000008c300000| Complete 

Card table byte_map: [0x000002161ab70000,0x000002161af60000] _byte_map_base: 0x000002161a757000

Marking Bits (Prev, Next): (CMBitMap*) 0x0000021614017170, (CMBitMap*) 0x0000021614017130
 Prev Bits: [0x000002161d290000, 0x000002161f1c8000)
 Next Bits: [0x000002161b350000, 0x000002161d288000)

Polling page: 0x00000216137a0000

Metaspace:

Usage:
  Non-class:     56.38 MB used.
      Class:      8.59 MB used.
       Both:     64.97 MB used.

Virtual space:
  Non-class space:       64.00 MB reserved,      56.62 MB ( 88%) committed,  8 nodes.
      Class space:        1.00 GB reserved,       8.81 MB ( <1%) committed,  1 nodes.
             Both:        1.06 GB reserved,      65.44 MB (  6%) committed. 

Chunk freelists:
   Non-Class:  2.86 MB
       Class:  3.20 MB
        Both:  6.06 MB

MaxMetaspaceSize: unlimited
CompressedClassSpaceSize: 1.00 GB
Initial GC threshold: 21.00 MB
Current GC threshold: 99.06 MB
CDS: off
MetaspaceReclaimPolicy: balanced
 - commit_granule_bytes: 65536.
 - commit_granule_words: 8192.
 - virtual_space_node_default_size: 1048576.
 - enlarge_chunks_in_place: 1.
 - new_chunks_are_fully_committed: 0.
 - uncommit_free_chunks: 1.
 - use_allocation_guard: 0.
 - handle_deallocations: 1.


Internal statistics:

num_allocs_failed_limit: 9.
num_arena_births: 546.
num_arena_deaths: 0.
num_vsnodes_births: 9.
num_vsnodes_deaths: 0.
num_space_committed: 1047.
num_space_uncommitted: 0.
num_chunks_returned_to_freelist: 9.
num_chunks_taken_from_freelist: 2611.
num_chunk_merges: 9.
num_chunk_splits: 1822.
num_chunks_enlarged: 1411.
num_purges: 0.
num_inconsistent_stats: 0.

CodeCache: size=49152Kb used=10922Kb max_used=12357Kb free=38229Kb
 bounds [0x0000021617670000, 0x0000021618290000, 0x000002161a670000]
 total_blobs=6005 nmethods=5420 adapters=512
 compilation: enabled
              stopped_count=0, restarted_count=0
 full_count=0

Compilation events (20 events):
Event: 133.520 Thread 0x000002162283b880 5411       1       java.util.concurrent.locks.LockSupport::parkNanos (29 bytes)
Event: 133.520 Thread 0x000002162283b880 nmethod 5411 0x0000021617800590 code [0x0000021617800740, 0x0000021617800928]
Event: 133.637 Thread 0x000002162283b880 5412       1       org.apache.catalina.webresources.CachedResource::getNextCheck (5 bytes)
Event: 133.637 Thread 0x000002162283b880 nmethod 5412 0x0000021617800290 code [0x0000021617800420, 0x00000216178004f8]
Event: 134.363 Thread 0x000002162283b880 5413       1       java.util.concurrent.locks.AbstractQueuedSynchronizer::casTail (13 bytes)
Event: 134.363 Thread 0x000002162283b880 nmethod 5413 0x00000216177fff10 code [0x00000216178000a0, 0x00000216178001d8]
Event: 137.078 Thread 0x000002162283b880 5414       1       org.apache.tomcat.util.net.NioEndpoint$NioSocketWrapper::interestOpsHas (16 bytes)
Event: 137.078 Thread 0x000002162283b880 nmethod 5414 0x00000216177ffc10 code [0x00000216177ffda0, 0x00000216177ffe78]
Event: 137.078 Thread 0x000002162283b880 5415       1       org.apache.tomcat.util.net.SocketProperties::getTimeoutInterval (5 bytes)
Event: 137.079 Thread 0x000002162283b880 nmethod 5415 0x00000216177ff910 code [0x00000216177ffaa0, 0x00000216177ffb78]
Event: 143.521 Thread 0x000002162283b880 5416       1       org.apache.catalina.util.LifecycleBase::fireLifecycleEvent (56 bytes)
Event: 143.521 Thread 0x000002162283b880 nmethod 5416 0x00000216177ff210 code [0x00000216177ff3e0, 0x00000216177ff758]
Event: 143.521 Thread 0x000002162283b880 5417       1       org.apache.catalina.LifecycleEvent::<init> (16 bytes)
Event: 143.521 Thread 0x000002162283b880 nmethod 5417 0x00000216177fed10 code [0x00000216177feec0, 0x00000216177ff148]
Event: 146.363 Thread 0x000002162283b880 5418       1       java.util.concurrent.locks.AbstractQueuedSynchronizer$ConditionObject::awaitNanos (200 bytes)
Event: 146.364 Thread 0x000002162283b880 nmethod 5418 0x00000216177fdc10 code [0x00000216177fde40, 0x00000216177fe708]
Event: 149.363 Thread 0x000002162283b880 5420       1       java.util.concurrent.locks.AbstractQueuedSynchronizer::enqueue (60 bytes)
Event: 149.363 Thread 0x000002162283b880 nmethod 5420 0x00000216177fd490 code [0x00000216177fd640, 0x00000216177fda48]
Event: 149.363 Thread 0x000002162283b880 5419       1       java.util.concurrent.locks.AbstractQueuedSynchronizer$ConditionObject::doSignal (54 bytes)
Event: 149.363 Thread 0x000002162283b880 nmethod 5419 0x00000216177fcf10 code [0x00000216177fd0c0, 0x00000216177fd308]

GC Heap History (20 events):
Event: 2.664 GC heap before
{Heap before GC invocations=11 (full 0):
 garbage-first heap   total 90112K, used 37570K [0x0000000083200000, 0x0000000100000000)
  region size 1024K, 28 young (28672K), 5 survivors (5120K)
 Metaspace       used 35981K, committed 36288K, reserved 1081344K
  class space    used 4450K, committed 4608K, reserved 1048576K
}
Event: 2.670 GC heap after
{Heap after GC invocations=12 (full 0):
 garbage-first heap   total 108544K, used 15576K [0x0000000083200000, 0x0000000100000000)
  region size 1024K, 5 young (5120K), 5 survivors (5120K)
 Metaspace       used 35981K, committed 36288K, reserved 1081344K
  class space    used 4450K, committed 4608K, reserved 1048576K
}
Event: 2.975 GC heap before
{Heap before GC invocations=13 (full 0):
 garbage-first heap   total 58368K, used 45272K [0x0000000083200000, 0x0000000100000000)
  region size 1024K, 34 young (34816K), 5 survivors (5120K)
 Metaspace       used 39362K, committed 39744K, reserved 1089536K
  class space    used 4934K, committed 5120K, reserved 1048576K
}
Event: 2.983 GC heap after
{Heap after GC invocations=14 (full 0):
 garbage-first heap   total 58368K, used 17437K [0x0000000083200000, 0x0000000100000000)
  region size 1024K, 3 young (3072K), 3 survivors (3072K)
 Metaspace       used 39362K, committed 39744K, reserved 1089536K
  class space    used 4934K, committed 5120K, reserved 1048576K
}
Event: 2.999 GC heap before
{Heap before GC invocations=14 (full 0):
 garbage-first heap   total 58368K, used 18461K [0x0000000083200000, 0x0000000100000000)
  region size 1024K, 4 young (4096K), 3 survivors (3072K)
 Metaspace       used 39431K, committed 39808K, reserved 1089536K
  class space    used 4948K, committed 5120K, reserved 1048576K
}
Event: 3.004 GC heap after
{Heap after GC invocations=15 (full 0):
 garbage-first heap   total 58368K, used 17741K [0x0000000083200000, 0x0000000100000000)
  region size 1024K, 1 young (1024K), 1 survivors (1024K)
 Metaspace       used 39431K, committed 39808K, reserved 1089536K
  class space    used 4948K, committed 5120K, reserved 1048576K
}
Event: 3.211 GC heap before
{Heap before GC invocations=15 (full 0):
 garbage-first heap   total 58368K, used 45389K [0x0000000083200000, 0x0000000100000000)
  region size 1024K, 29 young (29696K), 1 survivors (1024K)
 Metaspace       used 41772K, committed 42176K, reserved 1089536K
  class space    used 5235K, committed 5440K, reserved 1048576K
}
Event: 3.216 GC heap after
{Heap after GC invocations=16 (full 0):
 garbage-first heap   total 58368K, used 19162K [0x0000000083200000, 0x0000000100000000)
  region size 1024K, 2 young (2048K), 2 survivors (2048K)
 Metaspace       used 41772K, committed 42176K, reserved 1089536K
  class space    used 5235K, committed 5440K, reserved 1048576K
}
Event: 3.218 GC heap before
{Heap before GC invocations=16 (full 0):
 garbage-first heap   total 58368K, used 45786K [0x0000000083200000, 0x0000000100000000)
  region size 1024K, 29 young (29696K), 2 survivors (2048K)
 Metaspace       used 41772K, committed 42176K, reserved 1089536K
  class space    used 5235K, committed 5440K, reserved 1048576K
}
Event: 3.221 GC heap after
{Heap after GC invocations=17 (full 0):
 garbage-first heap   total 58368K, used 19183K [0x0000000083200000, 0x0000000100000000)
  region size 1024K, 2 young (2048K), 2 survivors (2048K)
 Metaspace       used 41772K, committed 42176K, reserved 1089536K
  class space    used 5235K, committed 5440K, reserved 1048576K
}
Event: 3.373 GC heap before
{Heap before GC invocations=17 (full 0):
 garbage-first heap   total 58368K, used 46831K [0x0000000083200000, 0x0000000100000000)
  region size 1024K, 30 young (30720K), 2 survivors (2048K)
 Metaspace       used 42683K, committed 43072K, reserved 1089536K
  class space    used 5365K, committed 5568K, reserved 1048576K
}
Event: 3.377 GC heap after
{Heap after GC invocations=18 (full 0):
 garbage-first heap   total 149504K, used 20113K [0x0000000083200000, 0x0000000100000000)
  region size 1024K, 3 young (3072K), 3 survivors (3072K)
 Metaspace       used 42683K, committed 43072K, reserved 1089536K
  class space    used 5365K, committed 5568K, reserved 1048576K
}
Event: 4.088 GC heap before
{Heap before GC invocations=18 (full 0):
 garbage-first heap   total 149504K, used 106129K [0x0000000083200000, 0x0000000100000000)
  region size 1024K, 87 young (89088K), 3 survivors (3072K)
 Metaspace       used 50040K, committed 50432K, reserved 1097728K
  class space    used 6397K, committed 6592K, reserved 1048576K
}
Event: 4.093 GC heap after
{Heap after GC invocations=19 (full 0):
 garbage-first heap   total 149504K, used 23246K [0x0000000083200000, 0x0000000100000000)
  region size 1024K, 6 young (6144K), 6 survivors (6144K)
 Metaspace       used 50040K, committed 50432K, reserved 1097728K
  class space    used 6397K, committed 6592K, reserved 1048576K
}
Event: 4.904 GC heap before
{Heap before GC invocations=19 (full 0):
 garbage-first heap   total 149504K, used 106190K [0x0000000083200000, 0x0000000100000000)
  region size 1024K, 87 young (89088K), 6 survivors (6144K)
 Metaspace       used 56578K, committed 57024K, reserved 1105920K
  class space    used 7405K, committed 7616K, reserved 1048576K
}
Event: 4.910 GC heap after
{Heap after GC invocations=20 (full 0):
 garbage-first heap   total 149504K, used 27070K [0x0000000083200000, 0x0000000100000000)
  region size 1024K, 8 young (8192K), 8 survivors (8192K)
 Metaspace       used 56578K, committed 57024K, reserved 1105920K
  class space    used 7405K, committed 7616K, reserved 1048576K
}
Event: 5.707 GC heap before
{Heap before GC invocations=20 (full 0):
 garbage-first heap   total 149504K, used 99774K [0x0000000083200000, 0x0000000100000000)
  region size 1024K, 80 young (81920K), 8 survivors (8192K)
 Metaspace       used 60337K, committed 60736K, reserved 1105920K
  class space    used 8005K, committed 8192K, reserved 1048576K
}
Event: 5.714 GC heap after
{Heap after GC invocations=21 (full 0):
 garbage-first heap   total 149504K, used 31530K [0x0000000083200000, 0x0000000100000000)
  region size 1024K, 9 young (9216K), 9 survivors (9216K)
 Metaspace       used 60337K, committed 60736K, reserved 1105920K
  class space    used 8005K, committed 8192K, reserved 1048576K
}
Event: 28.299 GC heap before
{Heap before GC invocations=22 (full 0):
 garbage-first heap   total 116736K, used 91946K [0x0000000083200000, 0x0000000100000000)
  region size 1024K, 68 young (69632K), 9 survivors (9216K)
 Metaspace       used 63326K, committed 63680K, reserved 1105920K
  class space    used 8422K, committed 8576K, reserved 1048576K
}
Event: 28.304 GC heap after
{Heap after GC invocations=23 (full 0):
 garbage-first heap   total 116736K, used 32983K [0x0000000083200000, 0x0000000100000000)
  region size 1024K, 7 young (7168K), 7 survivors (7168K)
 Metaspace       used 63326K, committed 63680K, reserved 1105920K
  class space    used 8422K, committed 8576K, reserved 1048576K
}

Deoptimization events (20 events):
Event: 80.306 Thread 0x000002162679dd90 DEOPT PACKING pc=0x0000021617b1f754 sp=0x000000b6decfb270
Event: 80.306 Thread 0x000002162679dd90 DEOPT UNPACKING pc=0x00000216176c6763 sp=0x000000b6decfa760 mode 1
Event: 80.306 Thread 0x000002162679dd90 DEOPT PACKING pc=0x0000021617b7bf54 sp=0x000000b6decfa7b0
Event: 80.306 Thread 0x000002162679dd90 DEOPT UNPACKING pc=0x00000216176c6763 sp=0x000000b6decf9c48 mode 1
Event: 80.306 Thread 0x000002162679dd90 DEOPT PACKING pc=0x0000021617b6c77c sp=0x000000b6decfa880
Event: 80.306 Thread 0x000002162679dd90 DEOPT UNPACKING pc=0x00000216176c6763 sp=0x000000b6decf9d38 mode 1
Event: 80.306 Thread 0x000002162679dd90 DEOPT PACKING pc=0x0000021617b1f754 sp=0x000000b6decfb270
Event: 80.306 Thread 0x000002162679dd90 DEOPT UNPACKING pc=0x00000216176c6763 sp=0x000000b6decfa760 mode 1
Event: 80.317 Thread 0x000002162679dd90 DEOPT PACKING pc=0x0000021617b7bf54 sp=0x000000b6decfa3f0
Event: 80.317 Thread 0x000002162679dd90 DEOPT UNPACKING pc=0x00000216176c6763 sp=0x000000b6decf9888 mode 1
Event: 80.317 Thread 0x000002162679dd90 DEOPT PACKING pc=0x0000021617b6c77c sp=0x000000b6decfa4c0
Event: 80.317 Thread 0x000002162679dd90 DEOPT UNPACKING pc=0x00000216176c6763 sp=0x000000b6decf9978 mode 1
Event: 80.317 Thread 0x000002162679dd90 DEOPT PACKING pc=0x0000021617b1f754 sp=0x000000b6decfaeb0
Event: 80.317 Thread 0x000002162679dd90 DEOPT UNPACKING pc=0x00000216176c6763 sp=0x000000b6decfa3a0 mode 1
Event: 80.317 Thread 0x000002162679dd90 DEOPT PACKING pc=0x0000021617b7bf54 sp=0x000000b6decfa3f0
Event: 80.317 Thread 0x000002162679dd90 DEOPT UNPACKING pc=0x00000216176c6763 sp=0x000000b6decf9888 mode 1
Event: 80.317 Thread 0x000002162679dd90 DEOPT PACKING pc=0x0000021617b6c77c sp=0x000000b6decfa4c0
Event: 80.317 Thread 0x000002162679dd90 DEOPT UNPACKING pc=0x00000216176c6763 sp=0x000000b6decf9978 mode 1
Event: 80.317 Thread 0x000002162679dd90 DEOPT PACKING pc=0x0000021617b1f754 sp=0x000000b6decfaeb0
Event: 80.317 Thread 0x000002162679dd90 DEOPT UNPACKING pc=0x00000216176c6763 sp=0x000000b6decfa3a0 mode 1

Classes unloaded (0 events):
No events

Classes redefined (6 events):
Event: 19.501 Thread 0x0000021621cbae10 redefined class name=br.com.lab.dao.UsuarioDAO, count=1
Event: 19.501 Thread 0x0000021621cbae10 redefined class name=br.com.lab.dao.UsuarioDAO$1, count=1
Event: 19.501 Thread 0x0000021621cbae10 redefined class name=br.com.lab.dao.UsuarioDAO$2, count=1
Event: 149.834 Thread 0x0000021621cbae10 redefined class name=br.com.lab.dao.UsuarioDAO, count=2
Event: 149.834 Thread 0x0000021621cbae10 redefined class name=br.com.lab.dao.UsuarioDAO$1, count=2
Event: 149.834 Thread 0x0000021621cbae10 redefined class name=br.com.lab.dao.UsuarioDAO$2, count=2

Internal exceptions (20 events):
Event: 6.307 Thread 0x0000021613fdda20 Exception <a 'java/lang/ClassNotFoundException'{0x0000000086d3c640}: org/springframework/core/OrderedCustomizer> (0x0000000086d3c640) 
thrown [e:\jenkins\tmp\workspace\build\src\src\hotspot\share\classfile\systemDictionary.cpp, line 256]
Event: 6.308 Thread 0x0000021613fdda20 Exception <a 'java/lang/ClassNotFoundException'{0x0000000086d47978}: java/lang/ObjectCustomizer> (0x0000000086d47978) 
thrown [e:\jenkins\tmp\workspace\build\src\src\hotspot\share\classfile\systemDictionary.cpp, line 256]
Event: 6.308 Thread 0x0000021613fdda20 Exception <a 'java/lang/ClassNotFoundException'{0x0000000086d4fee8}: org/springframework/ws/server/endpoint/AbstractEndpointExceptionResolverCustomizer> (0x0000000086d4fee8) 
thrown [e:\jenkins\tmp\workspace\build\src\src\hotspot\share\classfile\systemDictionary.cpp, line 256]
Event: 6.309 Thread 0x0000021613fdda20 Exception <a 'java/lang/ClassNotFoundException'{0x0000000086d59428}: org/springframework/ws/soap/server/endpoint/SimpleSoapExceptionResolverCustomizer> (0x0000000086d59428) 
thrown [e:\jenkins\tmp\workspace\build\src\src\hotspot\share\classfile\systemDictionary.cpp, line 256]
Event: 6.309 Thread 0x0000021613fdda20 Exception <a 'java/lang/ClassNotFoundException'{0x0000000086d63cb0}: org/springframework/ws/server/EndpointExceptionResolverCustomizer> (0x0000000086d63cb0) 
thrown [e:\jenkins\tmp\workspace\build\src\src\hotspot\share\classfile\systemDictionary.cpp, line 256]
Event: 6.309 Thread 0x0000021613fdda20 Exception <a 'java/lang/ClassNotFoundException'{0x0000000086d68b78}: org/springframework/core/OrderedCustomizer> (0x0000000086d68b78) 
thrown [e:\jenkins\tmp\workspace\build\src\src\hotspot\share\classfile\systemDictionary.cpp, line 256]
Event: 6.310 Thread 0x0000021613fdda20 Exception <a 'java/lang/ClassNotFoundException'{0x0000000086d712b0}: java/lang/ObjectCustomizer> (0x0000000086d712b0) 
thrown [e:\jenkins\tmp\workspace\build\src\src\hotspot\share\classfile\systemDictionary.cpp, line 256]
Event: 6.310 Thread 0x0000021613fdda20 Exception <a 'java/lang/ClassNotFoundException'{0x0000000086d7a010}: org/springframework/boot/autoconfigure/webservices/WebServicesAutoConfiguration$WsConfigurationCustomizer> (0x0000000086d7a010) 
thrown [e:\jenkins\tmp\workspace\build\src\src\hotspot\share\classfile\systemDictionary.cpp, line 256]
Event: 6.311 Thread 0x0000021613fdda20 Exception <a 'java/lang/ClassNotFoundException'{0x0000000086d805b8}: java/lang/ObjectCustomizer> (0x0000000086d805b8) 
thrown [e:\jenkins\tmp\workspace\build\src\src\hotspot\share\classfile\systemDictionary.cpp, line 256]
Event: 6.311 Thread 0x0000021613fdda20 Exception <a 'java/lang/ClassNotFoundException'{0x0000000086d89380}: org/springframework/boot/autoconfigure/webservices/client/WebServiceTemplateAutoConfigurationCustomizer> (0x0000000086d89380) 
thrown [e:\jenkins\tmp\workspace\build\src\src\hotspot\share\classfile\systemDictionary.cpp, line 256]
Event: 6.315 Thread 0x0000021613fdda20 Exception <a 'java/lang/ClassNotFoundException'{0x0000000086db7dc0}: org/springframework/boot/webservices/client/WebServiceTemplateBuilderBeanInfo> (0x0000000086db7dc0) 
thrown [e:\jenkins\tmp\workspace\build\src\src\hotspot\share\classfile\systemDictionary.cpp, line 256]
Event: 6.315 Thread 0x0000021613fdda20 Exception <a 'java/lang/ClassNotFoundException'{0x0000000086dbcc18}: org/springframework/boot/webservices/client/WebServiceTemplateBuilderCustomizer> (0x0000000086dbcc18) 
thrown [e:\jenkins\tmp\workspace\build\src\src\hotspot\share\classfile\systemDictionary.cpp, line 256]
Event: 6.336 Thread 0x0000021613fdda20 Exception <a 'java/lang/NoSuchMethodError'{0x0000000086b42a88}: 'java.lang.Object java.lang.invoke.DirectMethodHandle$Holder.invokeSpecial(java.lang.Object, java.lang.Object, int, java.lang.Object, int, java.lang.Object)'> (0x0000000086b42a88) 
thrown [e:\jenkins\tmp\workspace\build\src\src\hotspot\share\interpreter\linkResolver.cpp, line 766]
Event: 6.336 Thread 0x0000021613fdda20 Exception <a 'java/lang/NoSuchMethodError'{0x0000000086b4a888}: 'java.lang.Object java.lang.invoke.DirectMethodHandle$Holder.newInvokeSpecial(java.lang.Object, java.lang.Object, int, java.lang.Object, int)'> (0x0000000086b4a888) 
thrown [e:\jenkins\tmp\workspace\build\src\src\hotspot\share\interpreter\linkResolver.cpp, line 766]
Event: 6.336 Thread 0x0000021613fdda20 Exception <a 'java/lang/NoSuchMethodError'{0x0000000086b4e988}: 'java.lang.Object java.lang.invoke.DirectMethodHandle$Holder.invokeSpecial(java.lang.Object, java.lang.Object, java.lang.Object, int, java.lang.Object, int)'> (0x0000000086b4e988) 
thrown [e:\jenkins\tmp\workspace\build\src\src\hotspot\share\interpreter\linkResolver.cpp, line 766]
Event: 6.338 Thread 0x0000021613fdda20 Exception <a 'java/lang/NoSuchMethodError'{0x0000000086b5d720}: 'void java.lang.invoke.DirectMethodHandle$Holder.invokeVirtual(java.lang.Object, java.lang.Object)'> (0x0000000086b5d720) 
thrown [e:\jenkins\tmp\workspace\build\src\src\hotspot\share\interpreter\linkResolver.cpp, line 766]
Event: 28.325 Thread 0x000002162679dd90 Exception <a 'java/lang/NoSuchMethodError'{0x000000008a116918}: 'java.lang.Object java.lang.invoke.DirectMethodHandle$Holder.invokeStatic(java.lang.Object, int, int)'> (0x000000008a116918) 
thrown [e:\jenkins\tmp\workspace\build\src\src\hotspot\share\interpreter\linkResolver.cpp, line 766]
Event: 80.199 Thread 0x000002162679dd90 Exception <a 'java/lang/ClassCastException'{0x0000000089539b98}: class java.util.ArrayList cannot be cast to class br.com.lab.dto.CredenciaisDTO (java.util.ArrayList is in module java.base of loader 'bootstrap'; br.com.lab.dto.CredenciaisDTO is in unnamed module of loader 'app')> (0x0000000089539b98) 
thrown [e:\jenkins\tmp\workspace\build\src\src\hotspot\share\interpreter\interpreterRuntime.cpp, line 444]
Event: 80.234 Thread 0x000002162679dd90 Exception <a 'java/lang/NoClassDefFoundError'{0x00000000895c9518}: sun/reflect/Reflection> (0x00000000895c9518) 
thrown [e:\jenkins\tmp\workspace\build\src\src\hotspot\share\classfile\systemDictionary.cpp, line 245]
Event: 97.946 Thread 0x000002162679c580 Exception <a 'java/lang/ClassCastException'{0x00000000885ee150}: class java.util.ArrayList cannot be cast to class br.com.lab.dto.CredenciaisDTO (java.util.ArrayList is in module java.base of loader 'bootstrap'; br.com.lab.dto.CredenciaisDTO is in unnamed module of loader 'app')> (0x00000000885ee150) 
thrown [e:\jenkins\tmp\workspace\build\src\src\hotspot\share\interpreter\interpreterRuntime.cpp, line 444]

VM Operations (20 events):
Event: 97.947 Executing VM operation: GetObjectMonitorUsage
Event: 97.947 Executing VM operation: GetObjectMonitorUsage done
Event: 97.947 Executing VM operation: GetObjectMonitorUsage
Event: 97.947 Executing VM operation: GetObjectMonitorUsage done
Event: 98.958 Executing VM operation: Cleanup
Event: 98.958 Executing VM operation: Cleanup done
Event: 114.035 Executing VM operation: Cleanup
Event: 114.036 Executing VM operation: Cleanup done
Event: 124.074 Executing VM operation: Cleanup
Event: 124.074 Executing VM operation: Cleanup done
Event: 144.082 Executing VM operation: Cleanup
Event: 144.082 Executing VM operation: Cleanup done
Event: 149.829 Executing VM operation: RedefineClasses
Event: 149.845 Executing VM operation: RedefineClasses done
Event: 149.857 Executing VM operation: ChangeBreakpoints
Event: 149.858 Executing VM operation: ChangeBreakpoints done
Event: 149.869 Executing VM operation: ChangeBreakpoints
Event: 149.870 Executing VM operation: ChangeBreakpoints done
Event: 149.882 Executing VM operation: ChangeBreakpoints
Event: 149.883 Executing VM operation: ChangeBreakpoints done

Events (20 events):
Event: 80.252 loading class java/time/zone/ZoneRules
Event: 80.252 loading class java/time/zone/ZoneRules done
Event: 80.252 loading class java/time/zone/ZoneOffsetTransitionRule
Event: 80.252 loading class java/time/zone/ZoneOffsetTransitionRule done
Event: 80.252 loading class java/time/format/DateTimeFormatterBuilder$ZoneTextPrinterParser
Event: 80.253 loading class java/time/format/DateTimeFormatterBuilder$ZoneTextPrinterParser done
Event: 80.253 loading class java/time/format/DateTimeFormatterBuilder$ReducedPrinterParser
Event: 80.253 loading class java/time/format/DateTimeFormatterBuilder$ReducedPrinterParser done
Event: 80.379 loading class java/util/package-info
Event: 80.379 loading class java/util/package-info done
Event: 80.379 loading class java/lang/Package$1PackageInfoProxy
Event: 80.379 loading class java/lang/Package$1PackageInfoProxy done
Event: 80.381 loading class java/util/stream/LongStream
Event: 80.381 loading class java/util/stream/LongStream done
Event: 80.381 loading class java/util/stream/DoubleStream
Event: 80.382 loading class java/util/stream/DoubleStream done
Event: 80.384 loading class java/lang/package-info
Event: 80.384 loading class java/lang/package-info done
Event: 91.007 Thread 0x0000021624021ae0 Thread exited: 0x0000021624021ae0
Event: 91.023 Thread 0x00000216237135e0 Thread exited: 0x00000216237135e0


Dynamic libraries:
0x00007ff61c9d0000 - 0x00007ff61c9de000 	C:\sts-4.13.1.RELEASE\plugins\org.eclipse.justj.openjdk.hotspot.jre.full.win32.x86_64_17.0.1.v20211116-1657\jre\bin\javaw.exe
0x00007ffbad400000 - 0x00007ffbad609000 	C:\WINDOWS\SYSTEM32\ntdll.dll
0x00007ffbacae0000 - 0x00007ffbacb9d000 	C:\WINDOWS\System32\KERNEL32.DLL
0x00007ffbaaed0000 - 0x00007ffbab24b000 	C:\WINDOWS\System32\KERNELBASE.dll
0x00007ffbaaa40000 - 0x00007ffbaab51000 	C:\WINDOWS\System32\ucrtbase.dll
0x00007ffb86910000 - 0x00007ffb86929000 	C:\sts-4.13.1.RELEASE\plugins\org.eclipse.justj.openjdk.hotspot.jre.full.win32.x86_64_17.0.1.v20211116-1657\jre\bin\VCRUNTIME140.dll
0x00007ffb8cba0000 - 0x00007ffb8cbb8000 	C:\sts-4.13.1.RELEASE\plugins\org.eclipse.justj.openjdk.hotspot.jre.full.win32.x86_64_17.0.1.v20211116-1657\jre\bin\jli.dll
0x00007ffbab280000 - 0x00007ffbab42d000 	C:\WINDOWS\System32\USER32.dll
0x00007ffbab250000 - 0x00007ffbab276000 	C:\WINDOWS\System32\win32u.dll
0x00007ffb8c380000 - 0x00007ffb8c625000 	C:\WINDOWS\WinSxS\amd64_microsoft.windows.common-controls_6595b64144ccf1df_6.0.22000.120_none_9d947278b86cc467\COMCTL32.dll
0x00007ffbab770000 - 0x00007ffbab799000 	C:\WINDOWS\System32\GDI32.dll
0x00007ffbab4e0000 - 0x00007ffbab583000 	C:\WINDOWS\System32\msvcrt.dll
0x00007ffbaabd0000 - 0x00007ffbaace8000 	C:\WINDOWS\System32\gdi32full.dll
0x00007ffbaad70000 - 0x00007ffbaae0d000 	C:\WINDOWS\System32\msvcp_win.dll
0x00007ffbab730000 - 0x00007ffbab761000 	C:\WINDOWS\System32\IMM32.DLL
0x00007ffb96110000 - 0x00007ffb9611c000 	C:\sts-4.13.1.RELEASE\plugins\org.eclipse.justj.openjdk.hotspot.jre.full.win32.x86_64_17.0.1.v20211116-1657\jre\bin\vcruntime140_1.dll
0x00007ffb7b810000 - 0x00007ffb7b8a1000 	C:\sts-4.13.1.RELEASE\plugins\org.eclipse.justj.openjdk.hotspot.jre.full.win32.x86_64_17.0.1.v20211116-1657\jre\bin\msvcp140.dll
0x00007ffb59fd0000 - 0x00007ffb5ac16000 	C:\sts-4.13.1.RELEASE\plugins\org.eclipse.justj.openjdk.hotspot.jre.full.win32.x86_64_17.0.1.v20211116-1657\jre\bin\server\jvm.dll
0x00007ffbab9e0000 - 0x00007ffbaba8e000 	C:\WINDOWS\System32\ADVAPI32.dll
0x00007ffbab440000 - 0x00007ffbab4de000 	C:\WINDOWS\System32\sechost.dll
0x00007ffbaccb0000 - 0x00007ffbacdd0000 	C:\WINDOWS\System32\RPCRT4.dll
0x00007ffbacc80000 - 0x00007ffbacc88000 	C:\WINDOWS\System32\PSAPI.DLL
0x00007ffba2430000 - 0x00007ffba243a000 	C:\WINDOWS\SYSTEM32\VERSION.dll
0x00007ffba4220000 - 0x00007ffba4253000 	C:\WINDOWS\SYSTEM32\WINMM.dll
0x00007ffb931c0000 - 0x00007ffb931c9000 	C:\WINDOWS\SYSTEM32\WSOCK32.dll
0x00007ffbabc00000 - 0x00007ffbabc6f000 	C:\WINDOWS\System32\WS2_32.dll
0x00007ffba9950000 - 0x00007ffba9968000 	C:\WINDOWS\SYSTEM32\kernel.appcore.dll
0x00007ffba4c30000 - 0x00007ffba4c3a000 	C:\sts-4.13.1.RELEASE\plugins\org.eclipse.justj.openjdk.hotspot.jre.full.win32.x86_64_17.0.1.v20211116-1657\jre\bin\jimage.dll
0x00007ffba7e50000 - 0x00007ffba8071000 	C:\WINDOWS\SYSTEM32\DBGHELP.DLL
0x00007ffb960a0000 - 0x00007ffb960d1000 	C:\WINDOWS\SYSTEM32\dbgcore.DLL
0x00007ffbaacf0000 - 0x00007ffbaad6f000 	C:\WINDOWS\System32\bcryptPrimitives.dll
0x00007ffba7910000 - 0x00007ffba794b000 	C:\sts-4.13.1.RELEASE\plugins\org.eclipse.justj.openjdk.hotspot.jre.full.win32.x86_64_17.0.1.v20211116-1657\jre\bin\jdwp.dll
0x00007ffba8780000 - 0x00007ffba878e000 	C:\sts-4.13.1.RELEASE\plugins\org.eclipse.justj.openjdk.hotspot.jre.full.win32.x86_64_17.0.1.v20211116-1657\jre\bin\instrument.dll
0x00007ffb93a70000 - 0x00007ffb93a95000 	C:\sts-4.13.1.RELEASE\plugins\org.eclipse.justj.openjdk.hotspot.jre.full.win32.x86_64_17.0.1.v20211116-1657\jre\bin\java.dll
0x00007ffba4bf0000 - 0x00007ffba4c08000 	C:\sts-4.13.1.RELEASE\plugins\org.eclipse.justj.openjdk.hotspot.jre.full.win32.x86_64_17.0.1.v20211116-1657\jre\bin\zip.dll
0x00007ffbac320000 - 0x00007ffbacad8000 	C:\WINDOWS\System32\SHELL32.dll
0x00007ffba89c0000 - 0x00007ffba9225000 	C:\WINDOWS\SYSTEM32\windows.storage.dll
0x00007ffbad040000 - 0x00007ffbad3b7000 	C:\WINDOWS\System32\combase.dll
0x00007ffba8850000 - 0x00007ffba89b6000 	C:\WINDOWS\SYSTEM32\wintypes.dll
0x00007ffbac1a0000 - 0x00007ffbac28a000 	C:\WINDOWS\System32\SHCORE.dll
0x00007ffbacba0000 - 0x00007ffbacbfd000 	C:\WINDOWS\System32\shlwapi.dll
0x00007ffbaa800000 - 0x00007ffbaa821000 	C:\WINDOWS\SYSTEM32\profapi.dll
0x00007ffba7180000 - 0x00007ffba718c000 	C:\sts-4.13.1.RELEASE\plugins\org.eclipse.justj.openjdk.hotspot.jre.full.win32.x86_64_17.0.1.v20211116-1657\jre\bin\dt_socket.dll
0x00007ffba9480000 - 0x00007ffba94ad000 	C:\WINDOWS\SYSTEM32\IPHLPAPI.DLL
0x00007ffba9df0000 - 0x00007ffba9e57000 	C:\WINDOWS\system32\mswsock.dll
0x00007ffba94b0000 - 0x00007ffba9598000 	C:\WINDOWS\SYSTEM32\DNSAPI.dll
0x00007ffbab810000 - 0x00007ffbab819000 	C:\WINDOWS\System32\NSI.dll
0x00007ffb9e5b0000 - 0x00007ffb9e5ba000 	C:\Windows\System32\rasadhlp.dll
0x00007ffba1170000 - 0x00007ffba11f1000 	C:\WINDOWS\System32\fwpuclnt.dll
0x00007ffba4700000 - 0x00007ffba4719000 	C:\sts-4.13.1.RELEASE\plugins\org.eclipse.justj.openjdk.hotspot.jre.full.win32.x86_64_17.0.1.v20211116-1657\jre\bin\net.dll
0x00007ffba4ae0000 - 0x00007ffba4bec000 	C:\WINDOWS\SYSTEM32\WINHTTP.dll
0x00007ffb98de0000 - 0x00007ffb98df5000 	C:\sts-4.13.1.RELEASE\plugins\org.eclipse.justj.openjdk.hotspot.jre.full.win32.x86_64_17.0.1.v20211116-1657\jre\bin\nio.dll
0x00007ffb95c70000 - 0x00007ffb95c79000 	C:\sts-4.13.1.RELEASE\plugins\org.eclipse.justj.openjdk.hotspot.jre.full.win32.x86_64_17.0.1.v20211116-1657\jre\bin\management.dll
0x00007ffb95a90000 - 0x00007ffb95a9b000 	C:\sts-4.13.1.RELEASE\plugins\org.eclipse.justj.openjdk.hotspot.jre.full.win32.x86_64_17.0.1.v20211116-1657\jre\bin\management_ext.dll
0x00007ffb8c9c0000 - 0x00007ffb8c9d7000 	C:\WINDOWS\system32\napinsp.dll
0x00007ffb8c710000 - 0x00007ffb8c72b000 	C:\WINDOWS\system32\pnrpnsp.dll
0x00007ffb8c6f0000 - 0x00007ffb8c702000 	C:\WINDOWS\System32\winrnr.dll
0x00007ffba1460000 - 0x00007ffba1475000 	C:\WINDOWS\system32\wshbth.dll
0x00007ffb8c6d0000 - 0x00007ffb8c6ef000 	C:\WINDOWS\system32\nlansp_c.dll
0x00007ffbaa040000 - 0x00007ffbaa058000 	C:\WINDOWS\SYSTEM32\CRYPTSP.dll
0x00007ffba98b0000 - 0x00007ffba98e5000 	C:\WINDOWS\system32\rsaenh.dll
0x00007ffba9ee0000 - 0x00007ffba9f09000 	C:\WINDOWS\SYSTEM32\USERENV.dll
0x00007ffbaa1c0000 - 0x00007ffbaa1e7000 	C:\WINDOWS\SYSTEM32\bcrypt.dll
0x00007ffbaa030000 - 0x00007ffbaa03c000 	C:\WINDOWS\SYSTEM32\CRYPTBASE.dll
0x00007ffba4720000 - 0x00007ffba4739000 	C:\WINDOWS\SYSTEM32\dhcpcsvc6.DLL
0x00007ffba4ef0000 - 0x00007ffba4f0e000 	C:\WINDOWS\SYSTEM32\dhcpcsvc.DLL
0x00007ffb9a130000 - 0x00007ffb9a140000 	C:\sts-4.13.1.RELEASE\plugins\org.eclipse.justj.openjdk.hotspot.jre.full.win32.x86_64_17.0.1.v20211116-1657\jre\bin\verify.dll
0x00007ffba46d0000 - 0x00007ffba46de000 	C:\sts-4.13.1.RELEASE\plugins\org.eclipse.justj.openjdk.hotspot.jre.full.win32.x86_64_17.0.1.v20211116-1657\jre\bin\sunmscapi.dll
0x00007ffbaa8d0000 - 0x00007ffbaaa32000 	C:\WINDOWS\System32\CRYPT32.dll
0x00007ffbaa190000 - 0x00007ffbaa1b8000 	C:\WINDOWS\SYSTEM32\ncrypt.dll
0x00007ffbaa150000 - 0x00007ffbaa187000 	C:\WINDOWS\SYSTEM32\NTASN1.dll
0x00007ffba46c0000 - 0x00007ffba46c8000 	C:\WINDOWS\system32\wshunix.dll

dbghelp: loaded successfully - version: 4.0.5 - missing functions: none
symbol engine: initialized successfully - sym options: 0x614 - pdb path: .;C:\sts-4.13.1.RELEASE\plugins\org.eclipse.justj.openjdk.hotspot.jre.full.win32.x86_64_17.0.1.v20211116-1657\jre\bin;C:\WINDOWS\SYSTEM32;C:\WINDOWS\WinSxS\amd64_microsoft.windows.common-controls_6595b64144ccf1df_6.0.22000.120_none_9d947278b86cc467;C:\sts-4.13.1.RELEASE\plugins\org.eclipse.justj.openjdk.hotspot.jre.full.win32.x86_64_17.0.1.v20211116-1657\jre\bin\server

VM Arguments:
jvm_args: -XX:+ShowCodeDetailsInExceptionMessages -agentlib:jdwp=transport=dt_socket,suspend=y,address=localhost:57668 -Dcom.sun.management.jmxremote -Dcom.sun.management.jmxremote.port=57662 -Dcom.sun.management.jmxremote.authenticate=false -Dcom.sun.management.jmxremote.ssl=false -Djava.rmi.server.hostname=localhost -Dspring.jmx.enabled=true -Dspring.application.admin.enabled=true -XX:TieredStopAtLevel=1 -Dspring.boot.project.name=lab -javaagent:C:\sts-4.13.1.RELEASE\configuration\org.eclipse.osgi\262\0\.cp\lib\javaagent-shaded.jar -Dfile.encoding=UTF-8 
java_command: br.com.lab.LabApplication --spring.output.ansi.enabled=always
java_class_path (initial): D:\web-back\lab\target\classes;C:\Users\Vinicius\.m2\repository\org\springframework\boot\spring-boot-starter-data-jdbc\2.6.13\spring-boot-starter-data-jdbc-2.6.13.jar;C:\Users\Vinicius\.m2\repository\org\springframework\data\spring-data-jdbc\2.3.9\spring-data-jdbc-2.3.9.jar;C:\Users\Vinicius\.m2\repository\org\springframework\data\spring-data-relational\2.3.9\spring-data-relational-2.3.9.jar;C:\Users\Vinicius\.m2\repository\org\springframework\data\spring-data-commons\2.6.9\spring-data-commons-2.6.9.jar;C:\Users\Vinicius\.m2\repository\org\springframework\spring-tx\5.3.23\spring-tx-5.3.23.jar;C:\Users\Vinicius\.m2\repository\org\springframework\spring-context\5.3.23\spring-context-5.3.23.jar;C:\Users\Vinicius\.m2\repository\org\springframework\spring-beans\5.3.23\spring-beans-5.3.23.jar;C:\Users\Vinicius\.m2\repository\org\slf4j\slf4j-api\1.7.36\slf4j-api-1.7.36.jar;C:\Users\Vinicius\.m2\repository\org\springframework\boot\spring-boot-starter-data-jpa\2.6.13\spring-boot-starter-data-jpa-2.6.13.jar;C:\Users\Vinicius\.m2\repository\org\springframework\boot\spring-boot-starter-aop\2.6.13\spring-boot-starter-aop-2.6.13.jar;C:\Users\Vinicius\.m2\repository\org\aspectj\aspectjweaver\1.9.7\aspectjweaver-1.9.7.jar;C:\Users\Vinicius\.m2\repository\jakarta\transaction\jakarta.transaction-api\1.3.3\jakarta.transaction-api-1.3.3.jar;C:\Users\Vinicius\.m2\repository\jakarta\persistence\jakarta.persistence-api\2.2.3\jakarta.persistence-api-2.2.3.jar;C:\Users\Vinicius\.m2\repository\org\hibernate\hibernate-core\5.6.12.Final\hibernate-core-5.6.12.Final.jar;C:\Users\Vinicius\.m2\repository\org\jboss\logging\jboss-logging\3.4.3.Final\jboss-logging-3.4.3.Final.jar;C:\Users\Vinicius\.m2\repository\net\bytebuddy\byte-buddy\1.11.22\byte-buddy-1.11.22.jar;C:\Users\Vinicius\.m2\repository\antlr\antlr\2.7.7\antlr-2.7.7.jar;C:\Users\Vinicius\.m2\repository\org\jboss\jandex\2.4.2.Final\jandex-2.4.2.Final.jar;C:\Users\Vinicius\.m2\repository\com\fasterxml\classmate
Launcher Type: SUN_STANDARD

[Global flags]
     intx CICompilerCount                          = 4                                         {product} {ergonomic}
     uint ConcGCThreads                            = 2                                         {product} {ergonomic}
     uint G1ConcRefinementThreads                  = 8                                         {product} {ergonomic}
   size_t G1HeapRegionSize                         = 1048576                                   {product} {ergonomic}
    uintx GCDrainStackTargetSize                   = 64                                        {product} {ergonomic}
   size_t InitialHeapSize                          = 132120576                                 {product} {ergonomic}
     bool ManagementServer                         = true                                      {product} {command line}
   size_t MarkStackSize                            = 4194304                                   {product} {ergonomic}
   size_t MaxHeapSize                              = 2095054848                                {product} {ergonomic}
   size_t MaxNewSize                               = 1256194048                                {product} {ergonomic}
   size_t MinHeapDeltaBytes                        = 1048576                                   {product} {ergonomic}
   size_t MinHeapSize                              = 8388608                                   {product} {ergonomic}
    uintx NonProfiledCodeHeapSize                  = 0                                      {pd product} {ergonomic}
     bool ProfileInterpreter                       = false                                  {pd product} {command line}
    uintx ProfiledCodeHeapSize                     = 0                                      {pd product} {ergonomic}
     bool ShowCodeDetailsInExceptionMessages       = true                                   {manageable} {command line}
   size_t SoftMaxHeapSize                          = 2095054848                             {manageable} {ergonomic}
     intx TieredStopAtLevel                        = 1                                         {product} {command line}
     bool UseCompressedClassPointers               = true                           {product lp64_product} {ergonomic}
     bool UseCompressedOops                        = true                           {product lp64_product} {ergonomic}
     bool UseG1GC                                  = true                                      {product} {ergonomic}
     bool UseLargePagesIndividualAllocation        = false                                  {pd product} {ergonomic}

Logging:
Log output configuration:
 #0: stdout all=warning uptime,level,tags
 #1: stderr all=off uptime,level,tags

Environment Variables:
PATH=C:\sts-4.13.1.RELEASE\plugins\org.eclipse.justj.openjdk.hotspot.jre.full.win32.x86_64_17.0.1.v20211116-1657\jre\bin;C:/sts-4.13.1.RELEASE//plugins/org.eclipse.justj.openjdk.hotspot.jre.full.win32.x86_64_17.0.1.v20211116-1657/jre/bin/server;C:/sts-4.13.1.RELEASE//plugins/org.eclipse.justj.openjdk.hotspot.jre.full.win32.x86_64_17.0.1.v20211116-1657/jre/bin;C:\Program Files\Common Files\Oracle\Java\javapath;C:\Program Files (x86)\Common Files\Oracle\Java\javapath;C:\WINDOWS\system32;C:\WINDOWS;C:\WINDOWS\System32\Wbem;C:\WINDOWS\System32\WindowsPowerShell\v1.0\;C:\WINDOWS\System32\OpenSSH\;C:\Program Files\nodejs\;C:\Program Files\Git\cmd;C:\Program Files\PuTTY\;D:\AppData;D:\Android;C:\Program Files\dotnet\;C:\Program Files\MySQL\MySQL Server 8.0\bin;C:\Program Files\MySQL\MySQL Shell 8.0\bin\;C:\Users\Vinicius\scoop\shims;C:\Users\Vinicius\AppData\Local\Microsoft\WindowsApps;C:\Users\Vinicius\AppData\Local\Programs\Microsoft VS Code\bin;C:\Users\Vinicius\AppData\Roaming\npm;D:\AppData;D:\Android;D:\flutter\bin;C:\Program Files\Java\jdk1.8.0_311\bin;C:\Program Files\MySQL\MySQL Server 8.0\bin;;C:\sts-4.13.1.RELEASE;
USERNAME=Vinicius
OS=Windows_NT
PROCESSOR_IDENTIFIER=Intel64 Family 6 Model 126 Stepping 5, GenuineIntel



---------------  S Y S T E M  ---------------

OS:
 Windows 10 , 64 bit Build 22000 (10.0.22000.708)
OS uptime: 8 days 9:27 hours

CPU: total 8 (initial active 8) (4 cores per cpu, 2 threads per core) family 6 model 126 stepping 5 microcode 0xa8, cx8, cmov, fxsr, ht, mmx, 3dnowpref, sse, sse2, sse3, ssse3, sse4.1, sse4.2, popcnt, lzcnt, tsc, tscinvbit, avx, avx2, aes, erms, clmul, bmi1, bmi2, adx, avx512f, avx512dq, avx512cd, avx512bw, avx512vl, sha, fma, vzeroupper, avx512_vpopcntdq, avx512_vpclmulqdq, avx512_vaes, avx512_vnni, clflush, clflushopt, avx512_vbmi2, avx512_vbmi

Memory: 4k page, system-wide physical 7987M (522M free)
TotalPageFile size 32563M (AvailPageFile size 12523M)
current process WorkingSet (physical memory assigned to process): 266M, peak: 288M
current process commit charge ("private bytes"): 299M, peak: 323M

vm_info: OpenJDK 64-Bit Server VM (17.0.1+12) for windows-amd64 JRE (17.0.1+12), built on Oct 20 2021 07:42:55 by "" with MS VC++ 16.7 (VS2019)

END.
